<?xml version="1.0" encoding="UTF-8"?>
<!-- Generated by org.testng.reporters.JUnitXMLReporter -->
<testsuite ignored="0" hostname="ASAHI-GH22010s-MacBook-Air.local" failures="0" tests="2" name="Default test" time="56.258" errors="0" timestamp="2024-06-11T17:15:09 JST">
  <testcase classname="io.cucumber.testng.AbstractTestNGCucumberTests" name="runScenario" time="21.812"/>
  <testcase classname="io.cucumber.testng.AbstractTestNGCucumberTests" name="runScenario" time="30.92"/>
</testsuite> <!-- Default test -->
