<?xml version="1.0" encoding="UTF-8"?>
<testng-results ignored="0" total="2" passed="2" failed="0" skipped="0">
  <reporter-output>
  </reporter-output>
  <suite started-at="2024-06-11T17:14:08 JST" name="Default suite" finished-at="2024-06-11T17:15:04 JST" duration-ms="56258">
    <groups>
      <group name="cucumber">
        <method signature="AbstractTestNGCucumberTests.runScenario(io.cucumber.testng.PickleWrapper,io.cucumber.testng.FeatureWrapper)[pri:0, instance:Runner.TestRunner@359df09a]" name="runScenario" class="io.cucumber.testng.AbstractTestNGCucumberTests"/>
      </group> <!-- cucumber -->
    </groups>
    <test started-at="2024-06-11T17:14:08 JST" name="Default test" finished-at="2024-06-11T17:15:04 JST" duration-ms="56258">
      <class name="Runner.TestRunner">
        <test-method is-config="true" signature="setUpClass()[pri:0, instance:Runner.TestRunner@359df09a]" started-at="2024-06-11T17:14:08 JST" name="setUpClass" finished-at="2024-06-11T17:14:09 JST" duration-ms="710" status="PASS">
          <reporter-output>
          </reporter-output>
        </test-method> <!-- setUpClass -->
        <test-method signature="runScenario(io.cucumber.testng.PickleWrapper,io.cucumber.testng.FeatureWrapper)[pri:0, instance:Runner.TestRunner@359df09a]" started-at="2024-06-11T17:14:09 JST" name="runScenario" description="Runs Cucumber Scenarios" data-provider="scenarios" finished-at="2024-06-11T17:14:30 JST" duration-ms="21812" status="PASS">
          <params>
            <param index="0">
              <value>
                <![CDATA["Set and Allow all permission"]]>
              </value>
            </param>
            <param index="1">
              <value>
                <![CDATA["Basic Test scenarios"]]>
              </value>
            </param>
          </params>
          <reporter-output>
          </reporter-output>
        </test-method> <!-- runScenario -->
        <test-method signature="runScenario(io.cucumber.testng.PickleWrapper,io.cucumber.testng.FeatureWrapper)[pri:0, instance:Runner.TestRunner@359df09a]" started-at="2024-06-11T17:14:30 JST" name="runScenario" description="Runs Cucumber Scenarios" data-provider="scenarios" finished-at="2024-06-11T17:15:01 JST" duration-ms="30920" status="PASS">
          <params>
            <param index="0">
              <value>
                <![CDATA["Verify NUX and Get started button"]]>
              </value>
            </param>
            <param index="1">
              <value>
                <![CDATA["Basic Test scenarios"]]>
              </value>
            </param>
          </params>
          <reporter-output>
          </reporter-output>
        </test-method> <!-- runScenario -->
        <test-method is-config="true" signature="tearDownClass()[pri:0, instance:Runner.TestRunner@359df09a]" started-at="2024-06-11T17:15:01 JST" name="tearDownClass" finished-at="2024-06-11T17:15:04 JST" duration-ms="2723" status="PASS">
          <reporter-output>
          </reporter-output>
        </test-method> <!-- tearDownClass -->
      </class> <!-- Runner.TestRunner -->
    </test> <!-- Default test -->
  </suite> <!-- Default suite -->
</testng-results>
